[17:40:57] [main/INFO] (FabricLoader/GameProvider) Loading Minecraft 1.21.1 with Fabric Loader 0.16.14
[17:40:57] [main/INFO] (FabricLoader) Loading 56 mods:
	- fabric-api 0.116.1+1.21.1
	- fabric-api-base 0.4.42+6573ed8c19
	- fabric-api-lookup-api-v1 1.6.71+b559734419
	- fabric-biome-api-v1 13.0.31+d527f9fd19
	- fabric-block-api-v1 1.1.0+0bc3503219
	- fabric-block-view-api-v2 1.0.11+ebb2264e19
	- fabric-blockrenderlayer-v1 1.1.52+0af3f5a719
	- fabric-client-tags-api-v1 1.1.15+6573ed8c19
	- fabric-command-api-v1 1.2.49+f71b366f19
	- fabric-command-api-v2 2.2.28+6ced4dd919
	- fabric-commands-v0 0.2.66+df3654b319
	- fabric-content-registries-v0 8.0.19+b559734419
	- fabric-convention-tags-v1 2.1.5+7f945d5b19
	- fabric-convention-tags-v2 2.11.1+a406e79519
	- fabric-crash-report-info-v1 0.2.29+0af3f5a719
	- fabric-data-attachment-api-v1 1.4.5+6116a37819
	- fabric-data-generation-api-v1 20.2.29+16c4ae2519
	- fabric-dimensions-v1 4.0.0+6fc22b9919
	- fabric-entity-events-v1 1.8.0+2b27e0a419
	- fabric-events-interaction-v0 0.7.13+ba9dae0619
	- fabric-game-rule-api-v1 1.0.53+6ced4dd919
	- fabric-gametest-api-v1 2.0.5+6fc22b9919
	- fabric-item-api-v1 11.1.1+d5debaed19
	- fabric-item-group-api-v1 4.1.7+def88e3a19
	- fabric-key-binding-api-v1 1.0.47+0af3f5a719
	- fabric-keybindings-v0 0.2.45+df3654b319
	- fabric-lifecycle-events-v1 2.6.0+0865547519
	- fabric-loot-api-v2 3.0.15+3f89f5a519
	- fabric-loot-api-v3 1.0.3+3f89f5a519
	- fabric-message-api-v1 6.0.14+8aaf3aca19
	- fabric-model-loading-api-v1 2.0.0+fe474d6b19
	- fabric-networking-api-v1 4.3.0+c7469b2119
	- fabric-object-builder-api-v1 15.2.1+40875a9319
	- fabric-particles-v1 4.0.2+6573ed8c19
	- fabric-recipe-api-v1 5.0.14+248df81c19
	- fabric-registry-sync-v0 5.2.0+34f5d91419
	- fabric-renderer-api-v1 3.4.0+c705a49c19
	- fabric-renderer-indigo 1.7.0+c705a49c19
	- fabric-renderer-registries-v1 3.2.68+df3654b319
	- fabric-rendering-data-attachment-v1 0.3.49+73761d2e19
	- fabric-rendering-fluids-v1 3.1.6+1daea21519
	- fabric-rendering-v0 1.1.71+df3654b319
	- fabric-rendering-v1 5.0.5+df16efd019
	- fabric-resource-conditions-api-v1 4.3.0+8dc279b119
	- fabric-resource-loader-v0 1.3.1+5b5275af19
	- fabric-screen-api-v1 2.0.25+8b68f1c719
	- fabric-screen-handler-api-v1 1.3.88+b559734419
	- fabric-sound-api-v1 1.0.23+6573ed8c19
	- fabric-transfer-api-v1 5.4.3+c24bd99419
	- fabric-transitive-access-wideners-v1 6.2.0+45b9699719
	- fabricloader 0.16.14
	- java 21
	- minecraft 1.21.1
	- mixinextras 0.4.1
	- mobpvp 3.0.2-30.06.2025-big-buff-code
	- mobpvp_example_plugin 1.0-example
[17:40:57] [main/INFO] (FabricLoader/Mixin) SpongePowered MIXIN Subsystem Version=0.8.7 Source=file:/C:/Users/akgls/.gradle/caches/modules-2/files-2.1/net.fabricmc/sponge-mixin/0.15.5+mixin.0.8.7/22f9eb729e216a091673a574a5906dc1b9027fb3/sponge-mixin-0.15.5+mixin.0.8.7.jar Service=Knot/Fabric Env=CLIENT
[17:40:58] [main/INFO] (FabricLoader/Mixin) Loaded Fabric development mappings for mixin remapper!
[17:40:58] [main/INFO] (FabricLoader/Mixin) Compatibility level set to JAVA_17
[17:40:58] [main/INFO] (FabricLoader/Mixin) Compatibility level set to JAVA_21
[17:40:59] [main/INFO] (FabricLoader/MixinExtras|Service) Initializing MixinExtras via com.llamalad7.mixinextras.service.MixinExtrasServiceImpl(version=0.4.1).
[17:41:01] [Datafixer Bootstrap/INFO] (Minecraft) 226 Datafixer optimizations took 860 milliseconds
[17:41:09] [Render thread/INFO] (Minecraft) Environment: Environment[sessionHost=https://sessionserver.mojang.com, servicesHost=https://api.minecraftservices.com, name=PROD]
[17:41:09] [Render thread/INFO] (Minecraft) Setting user: Player158
[17:41:09] [Render thread/INFO] (Minecraft) [STDOUT]: Custom entities registered.
[17:41:09] [Render thread/INFO] (Minecraft) [STDOUT]: Mob özellikleri kaydedildi
[17:41:10] [Render thread/INFO] (Indigo) [Indigo] Registering Indigo renderer!
[17:41:11] [Render thread/INFO] (Minecraft) Backend library: LWJGL version 3.3.3-snapshot
[17:41:13] [Render thread/INFO] (Minecraft) Reloading ResourceManager: vanilla, fabric, fabric-api, fabric-api-base, fabric-api-lookup-api-v1, fabric-biome-api-v1, fabric-block-api-v1, fabric-block-view-api-v2, fabric-blockrenderlayer-v1, fabric-client-tags-api-v1, fabric-command-api-v1, fabric-command-api-v2, fabric-commands-v0, fabric-content-registries-v0, fabric-convention-tags-v1, fabric-convention-tags-v2, fabric-crash-report-info-v1, fabric-data-attachment-api-v1, fabric-data-generation-api-v1, fabric-dimensions-v1, fabric-entity-events-v1, fabric-events-interaction-v0, fabric-game-rule-api-v1, fabric-gametest-api-v1, fabric-item-api-v1, fabric-item-group-api-v1, fabric-key-binding-api-v1, fabric-keybindings-v0, fabric-lifecycle-events-v1, fabric-loot-api-v2, fabric-loot-api-v3, fabric-message-api-v1, fabric-model-loading-api-v1, fabric-networking-api-v1, fabric-object-builder-api-v1, fabric-particles-v1, fabric-recipe-api-v1, fabric-registry-sync-v0, fabric-renderer-api-v1, fabric-renderer-indigo, fabric-renderer-registries-v1, fabric-rendering-data-attachment-v1, fabric-rendering-fluids-v1, fabric-rendering-v0, fabric-rendering-v1, fabric-resource-conditions-api-v1, fabric-resource-loader-v0, fabric-screen-api-v1, fabric-screen-handler-api-v1, fabric-sound-api-v1, fabric-transfer-api-v1, fabric-transitive-access-wideners-v1, fabricloader, mobpvp
[17:41:13] [Worker-Main-1/INFO] (Minecraft) Found unifont_all_no_pua-15.1.05.hex, loading
[17:41:13] [Worker-Main-1/INFO] (Minecraft) Found unifont_jp_patch-15.1.05.hex, loading
[17:41:15] [Worker-Main-2/WARN] (Minecraft) Unable to load model: 'mobpvp:item/key' referenced from: mobpvp:item/key: java.io.FileNotFoundException: mobpvp:models/item/key.json
[17:41:16] [Render thread/WARN] (Minecraft) Missing sound for event: minecraft:item.goat_horn.play
[17:41:16] [Render thread/WARN] (Minecraft) Missing sound for event: minecraft:entity.goat.screaming.horn_break
[17:41:16] [Render thread/INFO] (Minecraft) OpenAL initialized on device OpenAL Soft on SES (VB-Audio Virtual Cable)
[17:41:16] [Render thread/INFO] (Minecraft) Sound engine started
[17:41:16] [Render thread/INFO] (Minecraft) Created: 1024x512x4 minecraft:textures/atlas/blocks.png-atlas
[17:41:16] [Render thread/INFO] (Minecraft) Created: 256x256x4 minecraft:textures/atlas/signs.png-atlas
[17:41:16] [Render thread/INFO] (Minecraft) Created: 512x512x4 minecraft:textures/atlas/shield_patterns.png-atlas
[17:41:16] [Render thread/INFO] (Minecraft) Created: 512x512x4 minecraft:textures/atlas/banner_patterns.png-atlas
[17:41:16] [Render thread/INFO] (Minecraft) Created: 1024x1024x4 minecraft:textures/atlas/armor_trims.png-atlas
[17:41:16] [Render thread/INFO] (Minecraft) Created: 128x64x4 minecraft:textures/atlas/decorated_pot.png-atlas
[17:41:16] [Render thread/INFO] (Minecraft) Created: 256x256x4 minecraft:textures/atlas/chest.png-atlas
[17:41:16] [Render thread/INFO] (Minecraft) Created: 512x256x4 minecraft:textures/atlas/shulker_boxes.png-atlas
[17:41:16] [Render thread/INFO] (Minecraft) Created: 512x256x4 minecraft:textures/atlas/beds.png-atlas
[17:41:17] [Render thread/INFO] (Minecraft) Created: 512x256x0 minecraft:textures/atlas/particles.png-atlas
[17:41:17] [Render thread/INFO] (Minecraft) Created: 512x256x0 minecraft:textures/atlas/paintings.png-atlas
[17:41:17] [Render thread/INFO] (Minecraft) Created: 256x128x0 minecraft:textures/atlas/mob_effects.png-atlas
[17:41:17] [Render thread/INFO] (Minecraft) Created: 64x64x0 minecraft:textures/atlas/map_decorations.png-atlas
[17:41:17] [Render thread/INFO] (Minecraft) Created: 1024x512x0 minecraft:textures/atlas/gui.png-atlas
[17:41:17] [Render thread/WARN] (Minecraft) Shader rendertype_entity_translucent_emissive could not find sampler named Sampler2 in the specified shader program.
[17:41:26] [Render thread/INFO] (Minecraft) Loaded 1299 recipes
[17:41:26] [Render thread/INFO] (Minecraft) Loaded 1417 advancements
[17:41:26] [Render thread/WARN] (Minecraft) Not all defined tags for registry ResourceKey[minecraft:root / minecraft:entity_type] are present in data pack: mobpvp:hostile_mobs
[17:41:31] [Render thread/INFO] (BiomeModificationImpl) Applied 54 biome modifications to 53 of 64 new biomes in 16.56 ms
[17:41:31] [Server thread/INFO] (Minecraft) Starting integrated minecraft server version 1.21.1
[17:41:31] [Server thread/INFO] (Minecraft) Generating keypair
[17:41:32] [Server thread/INFO] (Minecraft) Preparing start region for dimension minecraft:overworld
[17:41:33] [Render thread/INFO] (Minecraft) Preparing spawn area: 2%
[17:41:33] [Render thread/INFO] (Minecraft) Time elapsed: 257 ms
[17:41:33] [Server thread/INFO] (Minecraft) Changing view distance to 12, from 10
[17:41:33] [Server thread/INFO] (Minecraft) Changing simulation distance to 12, from 0
[17:41:34] [Server thread/INFO] (Minecraft) Player158[local:E:0070014f] logged in with entity id 1 at (9.5, -60.0, 8.5)
[17:41:34] [Server thread/INFO] (Minecraft) Player158 joined the game
[17:41:34] [Server thread/INFO] (Minecraft) Player158 has completed the challenge [MobPVP]
[17:41:35] [Render thread/INFO] (Minecraft) [System] [CHAT] Player158 has completed the challenge [MobPVP]
[17:41:35] [Render thread/INFO] (Minecraft) Loaded 18 advancements
[17:41:35] [Server thread/INFO] (Minecraft) Player158 has completed the challenge [Karanlığın Kalbine]
[17:41:35] [Render thread/INFO] (Minecraft) [System] [CHAT] Player158 has completed the challenge [Karanlığın Kalbine]
[17:41:35] [Render thread/INFO] (Minecraft) Loaded 18 advancements
[17:41:38] [Server thread/INFO] (Minecraft) Saving and pausing game...
[17:41:38] [Server thread/INFO] (Minecraft) Saving chunks for level 'ServerLevel[New World]'/minecraft:overworld
[17:41:38] [Server thread/INFO] (Minecraft) Saving chunks for level 'ServerLevel[New World]'/minecraft:the_nether
[17:41:38] [Server thread/INFO] (Minecraft) Saving chunks for level 'ServerLevel[New World]'/minecraft:the_end
[17:41:38] [Server thread/INFO] (Minecraft) Saving and pausing game...
[17:41:38] [Server thread/INFO] (Minecraft) Saving chunks for level 'ServerLevel[New World]'/minecraft:overworld
[17:41:38] [Server thread/INFO] (Minecraft) Saving chunks for level 'ServerLevel[New World]'/minecraft:the_nether
[17:41:38] [Server thread/INFO] (Minecraft) Saving chunks for level 'ServerLevel[New World]'/minecraft:the_end
[17:41:57] [Server thread/INFO] (Minecraft) Player158 has made the advancement [İlk saldırı]
[17:41:57] [Render thread/INFO] (Minecraft) [System] [CHAT] Player158 has made the advancement [İlk saldırı]
[17:41:58] [Render thread/INFO] (Minecraft) Loaded 18 advancements
[17:42:02] [Server thread/INFO] (Minecraft) Named entity SlimeEntity['§c[Seviye: 26] §fSlime'/3039, l='ServerLevel[New World]', x=30.12, y=-60.00, z=157.88] died: §c[Seviye: 26] §fSlime was slain by §c[Seviye: 18] §fIron Golem
[17:42:04] [Server thread/INFO] (Minecraft) Named entity SlimeEntity['§c[Seviye: 26] §fSlime'/3474, l='ServerLevel[New World]', x=28.57, y=-60.00, z=157.45] died: §c[Seviye: 26] §fSlime was slain by §c[Seviye: 18] §fIron Golem
[17:42:04] [Server thread/INFO] (Minecraft) Player158 has reached the goal [Koruyucu Gibi Giyin]
[17:42:04] [Render thread/INFO] (Minecraft) [System] [CHAT] Player158 has reached the goal [Koruyucu Gibi Giyin]
[17:42:05] [Render thread/INFO] (Minecraft) Loaded 20 advancements
[17:42:05] [Server thread/INFO] (Minecraft) Named entity SlimeEntity['§c[Seviye: 26] §fSlime'/3473, l='ServerLevel[New World]', x=30.17, y=-59.88, z=156.82] died: §c[Seviye: 26] §fSlime was slain by §c[Seviye: 18] §fIron Golem
[17:42:07] [Server thread/INFO] (Minecraft) Named entity SlimeEntity['§c[Seviye: 26] §fSlime'/3506, l='ServerLevel[New World]', x=27.06, y=-60.00, z=156.08] died: §c[Seviye: 26] §fSlime was slain by §c[Seviye: 18] §fIron Golem
[17:42:08] [Server thread/INFO] (Minecraft) Named entity SlimeEntity['§c[Seviye: 26] §fSlime'/3472, l='ServerLevel[New World]', x=28.73, y=-60.00, z=155.91] died: §c[Seviye: 26] §fSlime was slain by §c[Seviye: 18] §fIron Golem
[17:42:09] [Server thread/INFO] (Minecraft) Named entity SlimeEntity['§c[Seviye: 26] §fSlime'/3513, l='ServerLevel[New World]', x=30.03, y=-60.00, z=156.62] died: §c[Seviye: 26] §fSlime was slain by §c[Seviye: 18] §fIron Golem
[17:42:10] [Server thread/INFO] (Minecraft) Named entity SlimeEntity['§c[Seviye: 26] §fSlime'/3511, l='ServerLevel[New World]', x=29.29, y=-60.00, z=155.05] died: §c[Seviye: 26] §fSlime was slain by §c[Seviye: 18] §fIron Golem
[17:42:11] [Server thread/INFO] (Minecraft) Named entity SlimeEntity['§c[Seviye: 26] §fSlime'/3512, l='ServerLevel[New World]', x=30.00, y=-60.00, z=154.92] died: §c[Seviye: 26] §fSlime was slain by §c[Seviye: 18] §fIron Golem
[17:42:13] [Server thread/INFO] (Minecraft) Named entity SlimeEntity['§c[Seviye: 26] §fSlime'/3505, l='ServerLevel[New World]', x=27.71, y=-60.00, z=156.64] died: §c[Seviye: 26] §fSlime was slain by §c[Seviye: 18] §fIron Golem
[17:42:14] [Server thread/INFO] (Minecraft) Named entity SlimeEntity['§c[Seviye: 26] §fSlime'/3523, l='ServerLevel[New World]', x=28.89, y=-60.00, z=154.30] died: §c[Seviye: 26] §fSlime was slain by §c[Seviye: 18] §fIron Golem
[17:42:15] [Server thread/INFO] (Minecraft) Named entity SlimeEntity['§c[Seviye: 26] §fSlime'/3524, l='ServerLevel[New World]', x=29.99, y=-60.00, z=153.74] died: §c[Seviye: 26] §fSlime was slain by §c[Seviye: 18] §fIron Golem
[17:42:22] [Server thread/INFO] (Minecraft) Named entity SlimeEntity['§c[Seviye: 10] §fSlime'/2799, l='ServerLevel[New World]', x=20.76, y=-60.00, z=140.67] died: §c[Seviye: 10] §fSlime was slain by §c[Seviye: 18] §fIron Golem
[17:42:25] [Server thread/INFO] (Minecraft) Named entity SlimeEntity['§c[Seviye: 6] §fSlime'/2238, l='ServerLevel[New World]', x=28.14, y=-59.25, z=139.93] died: §c[Seviye: 6] §fSlime was slain by §c[Seviye: 18] §fIron Golem
[17:42:27] [Server thread/INFO] (Minecraft) Named entity SlimeEntity['§c[Seviye: 10] §fSlime'/3730, l='ServerLevel[New World]', x=21.22, y=-60.00, z=139.07] died: §c[Seviye: 10] §fSlime was slain by §c[Seviye: 18] §fIron Golem
[17:42:28] [Server thread/INFO] (Minecraft) Villager VillagerEntity['§c[Seviye: 23] §fVillager'/242, l='ServerLevel[New World]', x=12.27, y=-60.00, z=103.14] died, message: '§c[Seviye: 23] §fVillager was slain by §c[Seviye: 25] §fHantal Zombi'
[17:42:28] [Server thread/INFO] (Minecraft) Named entity VillagerEntity['§c[Seviye: 23] §fVillager'/242, l='ServerLevel[New World]', x=12.27, y=-60.00, z=103.14] died: §c[Seviye: 23] §fVillager was slain by §c[Seviye: 25] §fHantal Zombi
[17:42:28] [Server thread/INFO] (Minecraft) Named entity SlimeEntity['§c[Seviye: 10] §fSlime'/3732, l='ServerLevel[New World]', x=20.66, y=-60.00, z=139.71] died: §c[Seviye: 10] §fSlime was slain by §c[Seviye: 18] §fIron Golem
[17:42:29] [Server thread/INFO] (Minecraft) Named entity ZombieVillagerEntity['§c[Seviye: 23] §fVillager'/3749, l='ServerLevel[New World]', x=12.14, y=-60.00, z=102.58] died: §c[Seviye: 23] §fVillager was slain by §c[Seviye: 38] §4SİNİRLİ MİRAN BABA
[17:42:29] [Server thread/INFO] (Minecraft) Named entity SlimeEntity['§c[Seviye: 31] §fSlime'/3007, l='ServerLevel[New World]', x=23.28, y=-60.00, z=138.87] died: §c[Seviye: 31] §fSlime was slain by §c[Seviye: 18] §fIron Golem
[17:42:31] [Server thread/INFO] (Minecraft) Named entity SlimeEntity['§c[Seviye: 10] §fSlime'/3729, l='ServerLevel[New World]', x=20.77, y=-60.00, z=138.77] died: §c[Seviye: 10] §fSlime was slain by §c[Seviye: 18] §fIron Golem
[17:42:32] [Server thread/INFO] (Minecraft) Named entity SlimeEntity['§c[Seviye: 10] §fSlime'/3731, l='ServerLevel[New World]', x=20.47, y=-60.00, z=138.98] died: §c[Seviye: 10] §fSlime was slain by §c[Seviye: 18] §fIron Golem
[17:42:33] [Server thread/INFO] (Minecraft) Named entity SlimeEntity['§c[Seviye: 6] §fSlime'/3741, l='ServerLevel[New World]', x=24.53, y=-59.25, z=140.09] died: §c[Seviye: 6] §fSlime was slain by §c[Seviye: 18] §fIron Golem
[17:42:35] [Server thread/INFO] (Minecraft) Named entity CustomZombieEntity['§c[Seviye: 25] §fHantal Zombi'/3701, l='ServerLevel[New World]', x=20.52, y=-56.90, z=140.39] died: §c[Seviye: 25] §fHantal Zombi was burned to a crisp while fighting §c[Seviye: 18] §fIron Golem
[17:42:37] [Server thread/INFO] (Minecraft) Named entity IronGolemEntity['§c[Seviye: 18] §fIron Golem'/800, l='ServerLevel[New World]', x=24.42, y=-60.00, z=144.01] died: §c[Seviye: 18] §fIron Golem was slain by §c[Seviye: 50] §6Mezarlıkçı
[17:42:42] [Server thread/INFO] (Minecraft) Villager VillagerEntity['§c[Seviye: 39] §fVillager'/773, l='ServerLevel[New World]', x=43.64, y=-60.00, z=150.60] died, message: '§c[Seviye: 39] §fVillager was slain by §c[Seviye: 110] §8Çürük Kafa'
[17:42:42] [Server thread/INFO] (Minecraft) Named entity VillagerEntity['§c[Seviye: 39] §fVillager'/773, l='ServerLevel[New World]', x=43.64, y=-60.00, z=150.60] died: §c[Seviye: 39] §fVillager was slain by §c[Seviye: 110] §8Çürük Kafa
[17:42:42] [Render thread/INFO] (Minecraft) Villager VillagerEntity['§c[Seviye: 39] §fVillager'/773, l='ClientLevel', x=44.38, y=-60.00, z=150.33] died, message: '§c[Seviye: 39] §fVillager died'
[17:42:44] [Render thread/INFO] (Minecraft) Stopping!
[17:42:44] [Server thread/INFO] (Minecraft) Player158 lost connection: Disconnected
[17:42:44] [Server thread/INFO] (Minecraft) Player158 left the game
[17:42:44] [Server thread/INFO] (Minecraft) Stopping singleplayer server as player logged out
[17:42:44] [Server thread/INFO] (Minecraft) Stopping server
[17:42:44] [Server thread/INFO] (Minecraft) Saving players
[17:42:44] [Server thread/INFO] (Minecraft) Saving worlds
[17:42:44] [Server thread/INFO] (Minecraft) Saving chunks for level 'ServerLevel[New World]'/minecraft:overworld
[17:42:45] [Server thread/INFO] (Minecraft) Saving chunks for level 'ServerLevel[New World]'/minecraft:the_nether
[17:42:45] [Server thread/INFO] (Minecraft) Saving chunks for level 'ServerLevel[New World]'/minecraft:the_end
[17:42:45] [Server thread/INFO] (Minecraft) ThreadedAnvilChunkStorage (New World): All chunks are saved
[17:42:45] [Server thread/INFO] (Minecraft) ThreadedAnvilChunkStorage (DIM-1): All chunks are saved
[17:42:45] [Server thread/INFO] (Minecraft) ThreadedAnvilChunkStorage (DIM1): All chunks are saved
[17:42:45] [Server thread/INFO] (Minecraft) ThreadedAnvilChunkStorage: All dimensions are saved
[17:42:46] [Thread-3/INFO] (Minecraft) [STDOUT]: [MyCustomAddon] onClose çalıştı!
[17:42:46] [Thread-3/INFO] (Minecraft) [STDOUT]: [MobPVP] Mod kapanıyor...
